<?xml version="1.0" encoding="UTF-8"?>
<!-- Generated by org.testng.reporters.JUnitReportReporter -->
<testsuite hostname="probook" failures="0" tests="3" name="testNGPack.Sumo" time="0.008" errors="0" timestamp="2023-01-19T15:08:45 IST" skipped="0">
  <testcase classname="testNGPack.Sumo" name="sumo1" time="0.003"/>
  <system-out>
    <![CDATA[This is method of sumo1 method ]]>
  </system-out>
  <testcase classname="testNGPack.Sumo" name="sumo2" time="0.003"/>
  <system-out>
    <![CDATA[This is method of sumo2 method ]]>
  </system-out>
  <testcase classname="testNGPack.Sumo" name="sumo" time="0.002"/>
  <system-out>
    <![CDATA[This is method of sumo method ]]>
  </system-out>
</testsuite> <!-- testNGPack.Sumo -->
