<?xml version="1.0" encoding="UTF-8"?>
<!-- Generated by org.testng.reporters.JUnitReportReporter -->
<testsuite hostname="probook" failures="0" tests="2" name="testNGPack2.TestNG3" time="0.049" errors="0" timestamp="2023-01-23T14:09:35 IST" skipped="0">
  <testcase classname="testNGPack2.TestNG3" name="method2" time="0.024"/>
  <system-out>
    <![CDATA[ its method2]]>
  </system-out>
  <testcase classname="testNGPack2.TestNG3" name="method1" time="0.025"/>
  <system-out>
    <![CDATA[ its method1]]>
  </system-out>
</testsuite> <!-- testNGPack2.TestNG3 -->
