<?xml version="1.0" encoding="UTF-8"?>
<!-- Generated by org.testng.reporters.JUnitReportReporter -->
<testsuite hostname="probook" failures="0" tests="2" name="testNGPack.TestValidLogin" time="11.784" errors="0" timestamp="2023-01-24T14:38:03 IST" skipped="0">
  <testcase classname="testNGPack.TestValidLogin" name="setUp" time="5.322"/>
  <system-out/>
  <testcase classname="testNGPack.TestValidLogin" name="validLogin" time="6.462"/>
  <system-out/>
</testsuite> <!-- testNGPack.TestValidLogin -->
