<?xml version="1.0" encoding="UTF-8"?>
<!-- Generated by org.testng.reporters.JUnitReportReporter -->
<testsuite hostname="probook" failures="0" tests="2" name="testNGPack2.TestNg4" time="0.018" errors="0" timestamp="2023-01-23T14:41:13 IST" skipped="0">
  <testcase classname="testNGPack2.TestNg4" name="today" time="0.016"/>
  <system-out>
    <![CDATA[today method17 is the thread]]>
  </system-out>
  <testcase classname="testNGPack2.TestNg4" name="tumorrow" time="0.002"/>
  <system-out>
    <![CDATA[tomorrow method17 is the thread]]>
  </system-out>
</testsuite> <!-- testNGPack2.TestNg4 -->
