<?xml version="1.0" encoding="UTF-8"?>
<!-- Generated by org.testng.reporters.JUnitReportReporter -->
<testsuite hostname="probook" failures="0" tests="1" name="testNGPack.Practice" time="0.020" errors="0" timestamp="2023-01-19T22:50:08 IST" skipped="0">
  <testcase classname="testNGPack.Practice" name="p1" time="0.020"/>
  <system-out>
    <![CDATA[Hello testNG]]>
  </system-out>
</testsuite> <!-- testNGPack.Practice -->
