<?xml version="1.0" encoding="UTF-8"?>
<!-- Generated by org.testng.reporters.JUnitReportReporter -->
<testsuite hostname="probook" failures="0" tests="3" name="testNGPack.Remo" time="0.032" errors="0" timestamp="2023-01-19T22:57:51 IST" skipped="0">
  <testcase classname="testNGPack.Remo" name="remo" time="0.021"/>
  <system-out>
    <![CDATA[This is method of remo method ]]>
  </system-out>
  <testcase classname="testNGPack.Remo" name="remo2" time="0.004"/>
  <system-out>
    <![CDATA[This is method of remo2 method ]]>
  </system-out>
  <testcase classname="testNGPack.Remo" name="remo1" time="0.007"/>
  <system-out>
    <![CDATA[This is method of remo1 method ]]>
  </system-out>
</testsuite> <!-- testNGPack.Remo -->
